<?xml version="1.0" encoding="UTF-8"?>
<!-- Generated by org.testng.reporters.JUnitReportReporter -->
<testsuite hostname="duvarakv" name="MobileTesting.OnNativeWebHybridApplication.RegistrationWithDataDriven" tests="1" failures="0" timestamp="23 Feb 2021 05:25:42 GMT" time="96.146" errors="0">
  <testcase name="login" time="96.146" classname="MobileTesting.OnNativeWebHybridApplication.RegistrationWithDataDriven"/>
</testsuite> <!-- MobileTesting.OnNativeWebHybridApplication.RegistrationWithDataDriven -->
