<?xml version="1.0" encoding="UTF-8"?>
<!-- Generated by org.testng.reporters.JUnitReportReporter -->
<testsuite hostname="duvarakv" name="MobileTesting.OnNativeWebHybridApplication.TestRegisterPage" tests="1" failures="0" timestamp="22 Feb 2021 08:31:36 GMT" time="18.220" errors="0">
  <testcase name="login" time="18.220" classname="MobileTesting.OnNativeWebHybridApplication.TestRegisterPage"/>
</testsuite> <!-- MobileTesting.OnNativeWebHybridApplication.TestRegisterPage -->
