<?xml version="1.0" encoding="UTF-8"?>
<!-- Generated by org.testng.reporters.JUnitReportReporter -->
<testsuite hostname="duvarakv" name="MobileTesting.OnNativeWebHybridApplication.RegistrationWithDataDriven" tests="1" failures="0" timestamp="22 Feb 2021 16:00:01 GMT" time="83.430" errors="0">
  <testcase name="login" time="83.430" classname="MobileTesting.OnNativeWebHybridApplication.RegistrationWithDataDriven"/>
</testsuite> <!-- MobileTesting.OnNativeWebHybridApplication.RegistrationWithDataDriven -->
